<?xml version="1.0" encoding="UTF-8"?>
<testsuite name="org.example.ch01.MemberControllerTest" tests="1" skipped="0" failures="0" errors="0" timestamp="2024-09-03T03:26:24" hostname="유빈의_프로" time="0.742">
  <properties/>
  <testcase name="getAllMembers : 멤버 조회에 성공한다." classname="org.example.ch01.MemberControllerTest" time="0.742"/>
  <system-out><![CDATA[12:26:20.367 [Test worker] INFO org.springframework.test.context.support.AnnotationConfigContextLoaderUtils -- Could not detect default configuration classes for test class [org.example.ch01.MemberControllerTest]: MemberControllerTest does not declare any static, non-private, non-final, nested classes annotated with @Configuration.
12:26:20.482 [Test worker] INFO org.springframework.boot.test.context.SpringBootTestContextBootstrapper -- Found @SpringBootConfiguration org.example.ch01.Ch01Application for test class org.example.ch01.MemberControllerTest

  .   ____          _            __ _ _
 /\\ / ___'_ __ _ _(_)_ __  __ _ \ \ \ \
( ( )\___ | '_ | '_| | '_ \/ _` | \ \ \ \
 \\/  ___)| |_)| | | | | || (_| |  ) ) ) )
  '  |____| .__|_| |_|_| |_\__, | / / / /
 =========|_|==============|___/=/_/_/_/

 :: Spring Boot ::                (v3.3.3)

2024-09-03T12:26:20.798+09:00  INFO 20836 --- [CH01] [    Test worker] org.example.ch01.MemberControllerTest    : Starting MemberControllerTest using Java 17.0.11 with PID 20836 (started by jangy in C:\Users\jangy\IdeaProjects\SpringBoot\CH01)
2024-09-03T12:26:20.799+09:00  INFO 20836 --- [CH01] [    Test worker] org.example.ch01.MemberControllerTest    : No active profile set, falling back to 1 default profile: "default"
2024-09-03T12:26:21.329+09:00  INFO 20836 --- [CH01] [    Test worker] .s.d.r.c.RepositoryConfigurationDelegate : Bootstrapping Spring Data JPA repositories in DEFAULT mode.
2024-09-03T12:26:21.386+09:00  INFO 20836 --- [CH01] [    Test worker] .s.d.r.c.RepositoryConfigurationDelegate : Finished Spring Data repository scanning in 48 ms. Found 1 JPA repository interface.
2024-09-03T12:26:21.763+09:00  INFO 20836 --- [CH01] [    Test worker] com.zaxxer.hikari.HikariDataSource       : HikariPool-1 - Starting...
2024-09-03T12:26:21.930+09:00  INFO 20836 --- [CH01] [    Test worker] com.zaxxer.hikari.pool.HikariPool        : HikariPool-1 - Added connection conn0: url=jdbc:h2:mem:df8a9a3c-8cb9-499e-af06-1058d689b479 user=SA
2024-09-03T12:26:21.933+09:00  INFO 20836 --- [CH01] [    Test worker] com.zaxxer.hikari.HikariDataSource       : HikariPool-1 - Start completed.
2024-09-03T12:26:21.984+09:00  INFO 20836 --- [CH01] [    Test worker] o.hibernate.jpa.internal.util.LogHelper  : HHH000204: Processing PersistenceUnitInfo [name: default]
2024-09-03T12:26:22.051+09:00  INFO 20836 --- [CH01] [    Test worker] org.hibernate.Version                    : HHH000412: Hibernate ORM core version 6.5.2.Final
2024-09-03T12:26:22.094+09:00  INFO 20836 --- [CH01] [    Test worker] o.h.c.internal.RegionFactoryInitiator    : HHH000026: Second-level cache disabled
2024-09-03T12:26:22.391+09:00  INFO 20836 --- [CH01] [    Test worker] o.s.o.j.p.SpringPersistenceUnitInfo      : No LoadTimeWeaver setup: ignoring JPA class transformer
2024-09-03T12:26:23.251+09:00  INFO 20836 --- [CH01] [    Test worker] o.h.e.t.j.p.i.JtaPlatformInitiator       : HHH000489: No JTA platform available (set 'hibernate.transaction.jta.platform' to enable JTA platform integration)
Hibernate: 
    drop table if exists member cascade 
Hibernate: 
    create table member (
        id bigint generated by default as identity,
        name varchar(255) not null,
        primary key (id)
    )
2024-09-03T12:26:23.282+09:00  INFO 20836 --- [CH01] [    Test worker] j.LocalContainerEntityManagerFactoryBean : Initialized JPA EntityManagerFactory for persistence unit 'default'
2024-09-03T12:26:23.617+09:00  WARN 20836 --- [CH01] [    Test worker] JpaBaseConfiguration$JpaWebConfiguration : spring.jpa.open-in-view is enabled by default. Therefore, database queries may be performed during view rendering. Explicitly configure spring.jpa.open-in-view to disable this warning
2024-09-03T12:26:24.002+09:00  INFO 20836 --- [CH01] [    Test worker] o.s.b.t.m.w.SpringBootMockServletContext : Initializing Spring TestDispatcherServlet ''
2024-09-03T12:26:24.002+09:00  INFO 20836 --- [CH01] [    Test worker] o.s.t.web.servlet.TestDispatcherServlet  : Initializing Servlet ''
2024-09-03T12:26:24.004+09:00  INFO 20836 --- [CH01] [    Test worker] o.s.t.web.servlet.TestDispatcherServlet  : Completed initialization in 1 ms
2024-09-03T12:26:24.032+09:00  INFO 20836 --- [CH01] [    Test worker] org.example.ch01.MemberControllerTest    : Started MemberControllerTest in 3.428 seconds (process running for 4.436)
2024-09-03T12:26:24.468+09:00  INFO 20836 --- [CH01] [    Test worker] o.s.b.t.m.w.SpringBootMockServletContext : Initializing Spring TestDispatcherServlet ''
2024-09-03T12:26:24.468+09:00  INFO 20836 --- [CH01] [    Test worker] o.s.t.web.servlet.TestDispatcherServlet  : Initializing Servlet ''
2024-09-03T12:26:24.469+09:00  INFO 20836 --- [CH01] [    Test worker] o.s.t.web.servlet.TestDispatcherServlet  : Completed initialization in 0 ms
Hibernate: 
    select
        m1_0.id,
        m1_0.name 
    from
        member m1_0 
    where
        m1_0.id=?
Hibernate: 
    update
        member 
    set
        name=? 
    where
        id=?
Hibernate: 
    select
        m1_0.id,
        m1_0.name 
    from
        member m1_0
Hibernate: 
    select
        m1_0.id,
        m1_0.name 
    from
        member m1_0
Hibernate: 
    delete 
    from
        member 
    where
        id=?
Hibernate: 
    delete 
    from
        member 
    where
        id=?
Hibernate: 
    delete 
    from
        member 
    where
        id=?
]]></system-out>
  <system-err><![CDATA[]]></system-err>
</testsuite>
